-------------------------------------------------------------------------------
Test set: com.nnk.springboot.integration.BidListControllerTest
-------------------------------------------------------------------------------
Tests run: 6, Failures: 5, Errors: 0, Skipped: 0, Time elapsed: 19.918 s <<< FAILURE! - in com.nnk.springboot.integration.BidListControllerTest
updateBidList  Time elapsed: 0.301 s  <<< FAILURE!
java.lang.AssertionError: Range for response status value 404 expected:<REDIRECTION> but was:<CLIENT_ERROR>
	at com.nnk.springboot.integration.BidListControllerTest.updateBidList(BidListControllerTest.java:147)

updateBidListWhithWrongId  Time elapsed: 0.11 s  <<< FAILURE!
java.lang.AssertionError: Range for response status value 404 expected:<REDIRECTION> but was:<CLIENT_ERROR>
	at com.nnk.springboot.integration.BidListControllerTest.updateBidListWhithWrongId(BidListControllerTest.java:181)

deleteBidList  Time elapsed: 0 s  <<< FAILURE!
java.lang.AssertionError: Range for response status value 404 expected:<REDIRECTION> but was:<CLIENT_ERROR>
	at com.nnk.springboot.integration.BidListControllerTest.deleteBidList(BidListControllerTest.java:101)

deleteBidListWithWrongId  Time elapsed: 0.015 s  <<< FAILURE!
java.lang.AssertionError: Range for response status value 404 expected:<REDIRECTION> but was:<CLIENT_ERROR>
	at com.nnk.springboot.integration.BidListControllerTest.deleteBidListWithWrongId(BidListControllerTest.java:124)

generateUpdateBidListFormWithSuccess  Time elapsed: 0 s  <<< FAILURE!
java.lang.AssertionError: Range for response status value 404 expected:<REDIRECTION> but was:<CLIENT_ERROR>
	at com.nnk.springboot.integration.BidListControllerTest.generateUpdateBidListFormWithSuccess(BidListControllerTest.java:76)

