<?xml version="1.0" encoding="UTF-8"?>
<testsuite xmlns:xsi="http://www.w3.org/2001/XMLSchema-instance" xsi:noNamespaceSchemaLocation="https://maven.apache.org/surefire/maven-surefire-plugin/xsd/surefire-test-report.xsd" name="com.nnk.springboot.integration.BidListControllerTest" time="19.918" tests="6" errors="0" skipped="0" failures="5">
  <properties>
[...]
</properties>
  <testcase name="generateAddBidListFormWithSuccess" classname="com.nnk.springboot.integration.BidListControllerTest" time="1.974"/>
  <testcase name="updateBidList" classname="com.nnk.springboot.integration.BidListControllerTest" time="0.301">
    <failure message="Range for response status value 404 expected:&lt;REDIRECTION&gt; but was:&lt;CLIENT_ERROR&gt;" type="java.lang.AssertionError"><![CDATA[java.lang.AssertionError: Range for response status value 404 expected:<REDIRECTION> but was:<CLIENT_ERROR>
	at com.nnk.springboot.integration.BidListControllerTest.updateBidList(BidListControllerTest.java:147)
]]></failure>
    <system-out><![CDATA[Hibernate: select bidlist0_.bid_list_id as bid_list1_0_, bidlist0_.account as account2_0_, bidlist0_.ask as ask3_0_, bidlist0_.ask_quantity as ask_quan4_0_, bidlist0_.benchmark as benchmar5_0_, bidlist0_.bid as bid6_0_, bidlist0_.bid_list_date as bid_list7_0_, bidlist0_.bid_quantity as bid_quan8_0_, bidlist0_.book as book9_0_, bidlist0_.commentary as comment10_0_, bidlist0_.creation_date as creatio11_0_, bidlist0_.creation_name as creatio12_0_, bidlist0_.deal_name as deal_na13_0_, bidlist0_.deal_type as deal_ty14_0_, bidlist0_.revision_date as revisio15_0_, bidlist0_.revision_name as revisio16_0_, bidlist0_.security as securit17_0_, bidlist0_.side as side18_0_, bidlist0_.source_list_id as source_19_0_, bidlist0_.status as status20_0_, bidlist0_.trader as trader21_0_, bidlist0_.type as type22_0_ from bidlist bidlist0_

MockHttpServletRequest:
      HTTP Method = POST
      Request URI = /bidList/validate/api
       Parameters = {}
          Headers = [Content-Type:"application/json", Accept:"application/json", Content-Length:"367"]
             Body = <no character encoding set>
    Session Attrs = {SPRING_SECURITY_CONTEXT=org.springframework.security.core.context.SecurityContextImpl@b966f07e: Authentication: org.springframework.security.authentication.UsernamePasswordAuthenticationToken@b966f07e: Principal: org.springframework.security.core.userdetails.User@da4be0e: Username: bendejustin@gmail.com; Password: [PROTECTED]; Enabled: true; AccountNonExpired: true; credentialsNonExpired: true; AccountNonLocked: true; Granted Authorities: ADMIN; Credentials: [PROTECTED]; Authenticated: true; Details: null; Granted Authorities: ADMIN}

Handler:
             Type = org.springframework.web.servlet.resource.ResourceHttpRequestHandler

Async:
    Async started = false
     Async result = null

Resolved Exception:
             Type = null

ModelAndView:
        View name = null
             View = null
            Model = null

FlashMap:
       Attributes = null

MockHttpServletResponse:
           Status = 404
    Error message = null
          Headers = [Vary:"Origin", "Access-Control-Request-Method", "Access-Control-Request-Headers"]
     Content type = null
             Body = 
    Forwarded URL = null
   Redirected URL = null
          Cookies = []
]]></system-out>
  </testcase>
  <testcase name="updateBidListWhithWrongId" classname="com.nnk.springboot.integration.BidListControllerTest" time="0.11">
    <failure message="Range for response status value 404 expected:&lt;REDIRECTION&gt; but was:&lt;CLIENT_ERROR&gt;" type="java.lang.AssertionError"><![CDATA[java.lang.AssertionError: Range for response status value 404 expected:<REDIRECTION> but was:<CLIENT_ERROR>
	at com.nnk.springboot.integration.BidListControllerTest.updateBidListWhithWrongId(BidListControllerTest.java:181)
]]></failure>
    <system-out><![CDATA[Hibernate: select bidlist0_.bid_list_id as bid_list1_0_, bidlist0_.account as account2_0_, bidlist0_.ask as ask3_0_, bidlist0_.ask_quantity as ask_quan4_0_, bidlist0_.benchmark as benchmar5_0_, bidlist0_.bid as bid6_0_, bidlist0_.bid_list_date as bid_list7_0_, bidlist0_.bid_quantity as bid_quan8_0_, bidlist0_.book as book9_0_, bidlist0_.commentary as comment10_0_, bidlist0_.creation_date as creatio11_0_, bidlist0_.creation_name as creatio12_0_, bidlist0_.deal_name as deal_na13_0_, bidlist0_.deal_type as deal_ty14_0_, bidlist0_.revision_date as revisio15_0_, bidlist0_.revision_name as revisio16_0_, bidlist0_.security as securit17_0_, bidlist0_.side as side18_0_, bidlist0_.source_list_id as source_19_0_, bidlist0_.status as status20_0_, bidlist0_.trader as trader21_0_, bidlist0_.type as type22_0_ from bidlist bidlist0_

MockHttpServletRequest:
      HTTP Method = POST
      Request URI = /bidList/validate/api
       Parameters = {}
          Headers = [Content-Type:"application/json", Accept:"application/json", Content-Length:"367"]
             Body = <no character encoding set>
    Session Attrs = {SPRING_SECURITY_CONTEXT=org.springframework.security.core.context.SecurityContextImpl@b966f07e: Authentication: org.springframework.security.authentication.UsernamePasswordAuthenticationToken@b966f07e: Principal: org.springframework.security.core.userdetails.User@da4be0e: Username: bendejustin@gmail.com; Password: [PROTECTED]; Enabled: true; AccountNonExpired: true; credentialsNonExpired: true; AccountNonLocked: true; Granted Authorities: ADMIN; Credentials: [PROTECTED]; Authenticated: true; Details: null; Granted Authorities: ADMIN}

Handler:
             Type = org.springframework.web.servlet.resource.ResourceHttpRequestHandler

Async:
    Async started = false
     Async result = null

Resolved Exception:
             Type = null

ModelAndView:
        View name = null
             View = null
            Model = null

FlashMap:
       Attributes = null

MockHttpServletResponse:
           Status = 404
    Error message = null
          Headers = [Vary:"Origin", "Access-Control-Request-Method", "Access-Control-Request-Headers"]
     Content type = null
             Body = 
    Forwarded URL = null
   Redirected URL = null
          Cookies = []
]]></system-out>
  </testcase>
  <testcase name="deleteBidList" classname="com.nnk.springboot.integration.BidListControllerTest" time="0">
    <failure message="Range for response status value 404 expected:&lt;REDIRECTION&gt; but was:&lt;CLIENT_ERROR&gt;" type="java.lang.AssertionError"><![CDATA[java.lang.AssertionError: Range for response status value 404 expected:<REDIRECTION> but was:<CLIENT_ERROR>
	at com.nnk.springboot.integration.BidListControllerTest.deleteBidList(BidListControllerTest.java:101)
]]></failure>
    <system-out><![CDATA[Hibernate: select bidlist0_.bid_list_id as bid_list1_0_, bidlist0_.account as account2_0_, bidlist0_.ask as ask3_0_, bidlist0_.ask_quantity as ask_quan4_0_, bidlist0_.benchmark as benchmar5_0_, bidlist0_.bid as bid6_0_, bidlist0_.bid_list_date as bid_list7_0_, bidlist0_.bid_quantity as bid_quan8_0_, bidlist0_.book as book9_0_, bidlist0_.commentary as comment10_0_, bidlist0_.creation_date as creatio11_0_, bidlist0_.creation_name as creatio12_0_, bidlist0_.deal_name as deal_na13_0_, bidlist0_.deal_type as deal_ty14_0_, bidlist0_.revision_date as revisio15_0_, bidlist0_.revision_name as revisio16_0_, bidlist0_.security as securit17_0_, bidlist0_.side as side18_0_, bidlist0_.source_list_id as source_19_0_, bidlist0_.status as status20_0_, bidlist0_.trader as trader21_0_, bidlist0_.type as type22_0_ from bidlist bidlist0_

MockHttpServletRequest:
      HTTP Method = POST
      Request URI = /bidList/validate/api
       Parameters = {}
          Headers = [Content-Type:"application/json", Accept:"application/json", Content-Length:"367"]
             Body = <no character encoding set>
    Session Attrs = {SPRING_SECURITY_CONTEXT=org.springframework.security.core.context.SecurityContextImpl@b966f07e: Authentication: org.springframework.security.authentication.UsernamePasswordAuthenticationToken@b966f07e: Principal: org.springframework.security.core.userdetails.User@da4be0e: Username: bendejustin@gmail.com; Password: [PROTECTED]; Enabled: true; AccountNonExpired: true; credentialsNonExpired: true; AccountNonLocked: true; Granted Authorities: ADMIN; Credentials: [PROTECTED]; Authenticated: true; Details: null; Granted Authorities: ADMIN}

Handler:
             Type = org.springframework.web.servlet.resource.ResourceHttpRequestHandler

Async:
    Async started = false
     Async result = null

Resolved Exception:
             Type = null

ModelAndView:
        View name = null
             View = null
            Model = null

FlashMap:
       Attributes = null

MockHttpServletResponse:
           Status = 404
    Error message = null
          Headers = [Vary:"Origin", "Access-Control-Request-Method", "Access-Control-Request-Headers"]
     Content type = null
             Body = 
    Forwarded URL = null
   Redirected URL = null
          Cookies = []
]]></system-out>
  </testcase>
  <testcase name="deleteBidListWithWrongId" classname="com.nnk.springboot.integration.BidListControllerTest" time="0.015">
    <failure message="Range for response status value 404 expected:&lt;REDIRECTION&gt; but was:&lt;CLIENT_ERROR&gt;" type="java.lang.AssertionError"><![CDATA[java.lang.AssertionError: Range for response status value 404 expected:<REDIRECTION> but was:<CLIENT_ERROR>
	at com.nnk.springboot.integration.BidListControllerTest.deleteBidListWithWrongId(BidListControllerTest.java:124)
]]></failure>
    <system-out><![CDATA[Hibernate: select bidlist0_.bid_list_id as bid_list1_0_, bidlist0_.account as account2_0_, bidlist0_.ask as ask3_0_, bidlist0_.ask_quantity as ask_quan4_0_, bidlist0_.benchmark as benchmar5_0_, bidlist0_.bid as bid6_0_, bidlist0_.bid_list_date as bid_list7_0_, bidlist0_.bid_quantity as bid_quan8_0_, bidlist0_.book as book9_0_, bidlist0_.commentary as comment10_0_, bidlist0_.creation_date as creatio11_0_, bidlist0_.creation_name as creatio12_0_, bidlist0_.deal_name as deal_na13_0_, bidlist0_.deal_type as deal_ty14_0_, bidlist0_.revision_date as revisio15_0_, bidlist0_.revision_name as revisio16_0_, bidlist0_.security as securit17_0_, bidlist0_.side as side18_0_, bidlist0_.source_list_id as source_19_0_, bidlist0_.status as status20_0_, bidlist0_.trader as trader21_0_, bidlist0_.type as type22_0_ from bidlist bidlist0_

MockHttpServletRequest:
      HTTP Method = POST
      Request URI = /bidList/validate/api
       Parameters = {}
          Headers = [Content-Type:"application/json", Accept:"application/json", Content-Length:"367"]
             Body = <no character encoding set>
    Session Attrs = {SPRING_SECURITY_CONTEXT=org.springframework.security.core.context.SecurityContextImpl@b966f07e: Authentication: org.springframework.security.authentication.UsernamePasswordAuthenticationToken@b966f07e: Principal: org.springframework.security.core.userdetails.User@da4be0e: Username: bendejustin@gmail.com; Password: [PROTECTED]; Enabled: true; AccountNonExpired: true; credentialsNonExpired: true; AccountNonLocked: true; Granted Authorities: ADMIN; Credentials: [PROTECTED]; Authenticated: true; Details: null; Granted Authorities: ADMIN}

Handler:
             Type = org.springframework.web.servlet.resource.ResourceHttpRequestHandler

Async:
    Async started = false
     Async result = null

Resolved Exception:
             Type = null

ModelAndView:
        View name = null
             View = null
            Model = null

FlashMap:
       Attributes = null

MockHttpServletResponse:
           Status = 404
    Error message = null
          Headers = [Vary:"Origin", "Access-Control-Request-Method", "Access-Control-Request-Headers"]
     Content type = null
             Body = 
    Forwarded URL = null
   Redirected URL = null
          Cookies = []
]]></system-out>
  </testcase>
  <testcase name="generateUpdateBidListFormWithSuccess" classname="com.nnk.springboot.integration.BidListControllerTest" time="0">
    <failure message="Range for response status value 404 expected:&lt;REDIRECTION&gt; but was:&lt;CLIENT_ERROR&gt;" type="java.lang.AssertionError"><![CDATA[java.lang.AssertionError: Range for response status value 404 expected:<REDIRECTION> but was:<CLIENT_ERROR>
	at com.nnk.springboot.integration.BidListControllerTest.generateUpdateBidListFormWithSuccess(BidListControllerTest.java:76)
]]></failure>
    <system-out><![CDATA[Hibernate: select bidlist0_.bid_list_id as bid_list1_0_, bidlist0_.account as account2_0_, bidlist0_.ask as ask3_0_, bidlist0_.ask_quantity as ask_quan4_0_, bidlist0_.benchmark as benchmar5_0_, bidlist0_.bid as bid6_0_, bidlist0_.bid_list_date as bid_list7_0_, bidlist0_.bid_quantity as bid_quan8_0_, bidlist0_.book as book9_0_, bidlist0_.commentary as comment10_0_, bidlist0_.creation_date as creatio11_0_, bidlist0_.creation_name as creatio12_0_, bidlist0_.deal_name as deal_na13_0_, bidlist0_.deal_type as deal_ty14_0_, bidlist0_.revision_date as revisio15_0_, bidlist0_.revision_name as revisio16_0_, bidlist0_.security as securit17_0_, bidlist0_.side as side18_0_, bidlist0_.source_list_id as source_19_0_, bidlist0_.status as status20_0_, bidlist0_.trader as trader21_0_, bidlist0_.type as type22_0_ from bidlist bidlist0_

MockHttpServletRequest:
      HTTP Method = POST
      Request URI = /bidList/validate/api
       Parameters = {}
          Headers = [Content-Type:"application/json", Accept:"application/json", Content-Length:"367"]
             Body = <no character encoding set>
    Session Attrs = {SPRING_SECURITY_CONTEXT=org.springframework.security.core.context.SecurityContextImpl@b966f07e: Authentication: org.springframework.security.authentication.UsernamePasswordAuthenticationToken@b966f07e: Principal: org.springframework.security.core.userdetails.User@da4be0e: Username: bendejustin@gmail.com; Password: [PROTECTED]; Enabled: true; AccountNonExpired: true; credentialsNonExpired: true; AccountNonLocked: true; Granted Authorities: ADMIN; Credentials: [PROTECTED]; Authenticated: true; Details: null; Granted Authorities: ADMIN}

Handler:
             Type = org.springframework.web.servlet.resource.ResourceHttpRequestHandler

Async:
    Async started = false
     Async result = null

Resolved Exception:
             Type = null

ModelAndView:
        View name = null
             View = null
            Model = null

FlashMap:
       Attributes = null

MockHttpServletResponse:
           Status = 404
    Error message = null
          Headers = [Vary:"Origin", "Access-Control-Request-Method", "Access-Control-Request-Headers"]
     Content type = null
             Body = 
    Forwarded URL = null
   Redirected URL = null
          Cookies = []
]]></system-out>
  </testcase>
</testsuite>